<?xml version="1.0" encoding="UTF-8"?>
<testsuite xmlns:xsi="http://www.w3.org/2001/XMLSchema-instance" xsi:noNamespaceSchemaLocation="https://maven.apache.org/surefire/maven-surefire-plugin/xsd/surefire-test-report-3.0.xsd" version="3.0" name="com.acme.web.services.WebServicesApplicationTests" time="22.157" tests="1" errors="0" skipped="0" failures="0">
  <properties>
[...]
</properties>
  <testcase name="contextLoads" classname="com.acme.web.services.WebServicesApplicationTests" time="0.338">
    <system-out><![CDATA[15:51:20.842 [main] INFO org.springframework.test.context.support.AnnotationConfigContextLoaderUtils -- Could not detect default configuration classes for test class [com.acme.web.services.WebServicesApplicationTests]: WebServicesApplicationTests does not declare any static, non-private, non-final, nested classes annotated with @Configuration.
15:51:20.945 [main] INFO org.springframework.boot.test.context.SpringBootTestContextBootstrapper -- Found @SpringBootConfiguration com.acme.web.services.WebServicesApplication for test class com.acme.web.services.WebServicesApplicationTests
15:51:21.069 [main] INFO org.springframework.boot.devtools.restart.RestartApplicationListener -- Restart disabled due to context in which it is running
  .   ____          _            __ _ _
 /\\ / ___'_ __ _ _(_)_ __  __ _ \ \ \ \
( ( )\___ | '_ | '_| | '_ \/ _` | \ \ \ \
 \\/  ___)| |_)| | | | | || (_| |  ) ) ) )
  '  |____| .__|_| |_|_| |_\__, | / / / /
 =========|_|==============|___/=/_/_/_/

 :: Spring Boot ::                (v3.3.0)

2024-06-22T15:51:21.306-05:00  INFO 9096 --- [ACME AgroConnect Web Services] [           main] c.a.w.s.WebServicesApplicationTests      : Starting WebServicesApplicationTests using Java 22.0.1 with PID 9096 (started by User in C:\Users\User\Documents\GitHub\open source\Web-Services)
2024-06-22T15:51:21.307-05:00  INFO 9096 --- [ACME AgroConnect Web Services] [           main] c.a.w.s.WebServicesApplicationTests      : No active profile set, falling back to 1 default profile: "default"
2024-06-22T15:51:22.662-05:00  INFO 9096 --- [ACME AgroConnect Web Services] [           main] .s.d.r.c.RepositoryConfigurationDelegate : Bootstrapping Spring Data JPA repositories in DEFAULT mode.
2024-06-22T15:51:22.763-05:00  INFO 9096 --- [ACME AgroConnect Web Services] [           main] .s.d.r.c.RepositoryConfigurationDelegate : Finished Spring Data repository scanning in 95 ms. Found 13 JPA repository interfaces.
2024-06-22T15:51:23.319-05:00  INFO 9096 --- [ACME AgroConnect Web Services] [           main] o.hibernate.jpa.internal.util.LogHelper  : HHH000204: Processing PersistenceUnitInfo [name: default]
2024-06-22T15:51:23.371-05:00  INFO 9096 --- [ACME AgroConnect Web Services] [           main] org.hibernate.Version                    : HHH000412: Hibernate ORM core version 6.5.2.Final
2024-06-22T15:51:23.401-05:00  INFO 9096 --- [ACME AgroConnect Web Services] [           main] o.h.c.internal.RegionFactoryInitiator    : HHH000026: Second-level cache disabled
2024-06-22T15:51:23.663-05:00  INFO 9096 --- [ACME AgroConnect Web Services] [           main] o.s.o.j.p.SpringPersistenceUnitInfo      : No LoadTimeWeaver setup: ignoring JPA class transformer
2024-06-22T15:51:23.685-05:00  INFO 9096 --- [ACME AgroConnect Web Services] [           main] com.zaxxer.hikari.HikariDataSource       : HikariPool-1 - Starting...
2024-06-22T15:51:25.241-05:00  INFO 9096 --- [ACME AgroConnect Web Services] [           main] com.zaxxer.hikari.pool.HikariPool        : HikariPool-1 - Added connection com.mysql.cj.jdbc.ConnectionImpl@3e2c8ef
2024-06-22T15:51:25.243-05:00  INFO 9096 --- [ACME AgroConnect Web Services] [           main] com.zaxxer.hikari.HikariDataSource       : HikariPool-1 - Start completed.
2024-06-22T15:51:25.581-05:00  WARN 9096 --- [ACME AgroConnect Web Services] [           main] org.hibernate.orm.deprecation            : HHH90000025: MySQLDialect does not need to be specified explicitly using 'hibernate.dialect' (remove the property setting and it will be selected by default)
2024-06-22T15:51:26.532-05:00  INFO 9096 --- [ACME AgroConnect Web Services] [           main] o.h.e.t.j.p.i.JtaPlatformInitiator       : HHH000489: No JTA platform available (set 'hibernate.transaction.jta.platform' to enable JTA platform integration)
Hibernate: create table advisors (id bigint not null auto_increment, created_at datetime(6) not null, updated_at datetime(6) not null, birthdate date not null, description TEXT not null, experience integer not null check ((experience<=70) and (experience>=1)), fullname varchar(255) not null, location varchar(255) not null, occupation varchar(255) not null, photo varchar(255) not null, rating integer not null check ((rating<=5) and (rating>=0)), user_id bigint, primary key (id)) engine=InnoDB
Hibernate: create table animals (id bigint not null auto_increment, birthdate date, breed enum ('ANDINA','INTI','KURI','PERU'), gender bit, is_sick bit, name varchar(255), observations varchar(255), weight float(23), cage_id bigint, primary key (id)) engine=InnoDB
Hibernate: create table appointments (id bigint not null auto_increment, created_at datetime(6) not null, updated_at datetime(6) not null, date datetime(6), status enum ('PENDIENTE','TERMINADO'), advisor_id bigint, breeder_id bigint, primary key (id)) engine=InnoDB
Hibernate: create table available_dates (id bigint not null auto_increment, created_at datetime(6) not null, updated_at datetime(6) not null, date date, end_time time(6), start_time time(6), status bit, advisor_id bigint, primary key (id)) engine=InnoDB
Hibernate: create table breeders (id bigint not null auto_increment, created_at datetime(6) not null, updated_at datetime(6) not null, birthdate date not null, description TEXT not null, fullname varchar(255) not null, location varchar(255) not null, user_id bigint, primary key (id)) engine=InnoDB
Hibernate: create table cages (id bigint not null auto_increment, created_at datetime(6) not null, updated_at datetime(6) not null, name varchar(255), observations varchar(255), size integer, breeder_id bigint, primary key (id)) engine=InnoDB
Hibernate: create table expenses (id bigint not null auto_increment, created_at datetime(6) not null, updated_at datetime(6) not null, amount float(23), date date, expense_type enum ('ALIMENTO','MANTENIMIENTO','OTROS','SALUD'), name varchar(255), observations varchar(255), breeder_id bigint, primary key (id)) engine=InnoDB
Hibernate: create table notifications (id bigint not null auto_increment, date datetime(6) not null, meeting_url varchar(255), text varchar(255) not null, type varchar(255) not null, user_id bigint, primary key (id)) engine=InnoDB
Hibernate: create table publications (id bigint not null auto_increment, created_at datetime(6) not null, updated_at datetime(6) not null, date datetime(6), title varchar(255), description varchar(255), image varchar(255), advisor_id bigint, primary key (id)) engine=InnoDB
Hibernate: create table resources (id bigint not null auto_increment, created_at datetime(6) not null, updated_at datetime(6) not null, date date, name varchar(255), observations varchar(255), quantity integer, resource_type enum ('ALIMENTO','CULTIVO','MEDICINA','OTROS'), breeder_id bigint, primary key (id)) engine=InnoDB
Hibernate: create table reviews (id bigint not null auto_increment, created_at datetime(6) not null, updated_at datetime(6) not null, comment TEXT, rating integer, appointment_id bigint, primary key (id)) engine=InnoDB
Hibernate: create table roles (id bigint not null auto_increment, name enum ('ROLE_ADMIN','ROLE_ADVISOR','ROLE_BREEDER','ROLE_USER'), primary key (id)) engine=InnoDB
Hibernate: create table users (id bigint not null auto_increment, created_at datetime(6) not null, updated_at datetime(6) not null, password varchar(120) not null, username varchar(50) not null, primary key (id)) engine=InnoDB
Hibernate: create table user_roles (user_id bigint not null, role_id bigint not null, primary key (user_id, role_id)) engine=InnoDB
Hibernate: alter table advisors drop index UKp95yb7q01uy51mvjudbhhlaqe
Hibernate: alter table advisors add constraint UKp95yb7q01uy51mvjudbhhlaqe unique (user_id)
Hibernate: alter table breeders drop index UKairg6a3appleycw83p7wbq7ik
Hibernate: alter table breeders add constraint UKairg6a3appleycw83p7wbq7ik unique (user_id)
Hibernate: alter table users drop index UKr43af9ap4edm43mmtq01oddj6
Hibernate: alter table users add constraint UKr43af9ap4edm43mmtq01oddj6 unique (username)
Hibernate: alter table advisors add constraint FK46igrmrvxyxy167w0ug1v3vhy foreign key (user_id) references users (id)
Hibernate: alter table animals add constraint FKdl7dgwdwhvfgjpqwv2nyvhv6 foreign key (cage_id) references cages (id)
Hibernate: alter table appointments add constraint FKbefx3p3ejvd8wes2kdu4cutci foreign key (advisor_id) references advisors (id)
Hibernate: alter table appointments add constraint FK9bf9cietifa7l03r0enndo127 foreign key (breeder_id) references breeders (id)
Hibernate: alter table available_dates add constraint FKnya1r4a8o430621bb55l2p24o foreign key (advisor_id) references advisors (id)
Hibernate: alter table breeders add constraint FK4lp81bu4s0hh0pput3co85xbd foreign key (user_id) references users (id)
Hibernate: alter table cages add constraint FKnbxvk2r4cpksaunmcknpupwm2 foreign key (breeder_id) references breeders (id)
Hibernate: alter table expenses add constraint FK2un21s9d2ubvtuifua6u0jkqd foreign key (breeder_id) references breeders (id)
Hibernate: alter table notifications add constraint FK9y21adhxn0ayjhfocscqox7bh foreign key (user_id) references users (id)
Hibernate: alter table publications add constraint FKams3m3afgspqx4gmiu9x5jfy8 foreign key (advisor_id) references advisors (id)
Hibernate: alter table resources add constraint FKabngblt3hrq06x81y2p1sjet2 foreign key (breeder_id) references breeders (id)
Hibernate: alter table reviews add constraint FKfhaj6kqx2pjpn6eambt0pa1nm foreign key (appointment_id) references appointments (id)
Hibernate: alter table user_roles add constraint FKh8ciramu9cc9q3qcqiv4ue8a6 foreign key (role_id) references roles (id)
Hibernate: alter table user_roles add constraint FKhfh9dx7w3ubf1co1vdev94g3f foreign key (user_id) references users (id)
2024-06-22T15:51:38.084-05:00  INFO 9096 --- [ACME AgroConnect Web Services] [           main] j.LocalContainerEntityManagerFactoryBean : Initialized JPA EntityManagerFactory for persistence unit 'default'
2024-06-22T15:51:38.500-05:00  INFO 9096 --- [ACME AgroConnect Web Services] [           main] eAuthenticationProviderManagerConfigurer : Global AuthenticationManager configured with AuthenticationProvider bean with name authenticationProvider
2024-06-22T15:51:38.500-05:00  WARN 9096 --- [ACME AgroConnect Web Services] [           main] r$InitializeUserDetailsManagerConfigurer : Global AuthenticationManager configured with an AuthenticationProvider bean. UserDetailsService beans will not be used for username/password login. Consider removing the AuthenticationProvider bean. Alternatively, consider using the UserDetailsService in a manually instantiated DaoAuthenticationProvider.
2024-06-22T15:51:38.848-05:00  INFO 9096 --- [ACME AgroConnect Web Services] [           main] o.s.s.web.DefaultSecurityFilterChain     : Will secure any request with [org.springframework.security.web.session.DisableEncodeUrlFilter@31b2c451, org.springframework.security.web.context.request.async.WebAsyncManagerIntegrationFilter@1201c2f6, org.springframework.security.web.context.SecurityContextHolderFilter@5c91b751, org.springframework.security.web.header.HeaderWriterFilter@1acd952e, org.springframework.web.filter.CorsFilter@cbf9cc1, org.springframework.security.web.authentication.logout.LogoutFilter@69780093, com.acme.web.services.iam.infrastructure.authorization.sfs.pipeline.BearerAuthorizationRequestFilter@67263db7, org.springframework.security.web.savedrequest.RequestCacheAwareFilter@41fbe8c0, org.springframework.security.web.servletapi.SecurityContextHolderAwareRequestFilter@dcc7d1c, org.springframework.security.web.authentication.AnonymousAuthenticationFilter@4ae93e38, org.springframework.security.web.session.SessionManagementFilter@70028163, org.springframework.security.web.access.ExceptionTranslationFilter@65448932, org.springframework.security.web.access.intercept.AuthorizationFilter@3d41881]
2024-06-22T15:51:39.189-05:00  INFO 9096 --- [ACME AgroConnect Web Services] [           main] c.a.w.s.WebServicesApplicationTests      : Started WebServicesApplicationTests in 18.129 seconds (process running for 19.018)
2024-06-22T15:51:39.192-05:00  INFO 9096 --- [ACME AgroConnect Web Services] [           main] w.s.i.a.i.e.ApplicationReadyEventHandler : Starting to verify if roles seeding is needed for ACME AgroConnect Web Services at 2024-06-22 15:51:39.192
Hibernate: select r1_0.id from roles r1_0 where r1_0.name=? limit ?
Hibernate: insert into roles (name) values (?)
Hibernate: select r1_0.id from roles r1_0 where r1_0.name=? limit ?
Hibernate: insert into roles (name) values (?)
Hibernate: select r1_0.id from roles r1_0 where r1_0.name=? limit ?
Hibernate: insert into roles (name) values (?)
Hibernate: select r1_0.id from roles r1_0 where r1_0.name=? limit ?
Hibernate: insert into roles (name) values (?)
2024-06-22T15:51:42.513-05:00  INFO 9096 --- [ACME AgroConnect Web Services] [           main] w.s.i.a.i.e.ApplicationReadyEventHandler : Roles seeding verification finished for ACME AgroConnect Web Services at 2024-06-22 15:51:42.513
]]></system-out>
    <system-err><![CDATA[WARNING: A Java agent has been loaded dynamically (C:\Users\User\.m2\repository\net\bytebuddy\byte-buddy-agent\1.14.16\byte-buddy-agent-1.14.16.jar)
WARNING: If a serviceability tool is in use, please run with -XX:+EnableDynamicAgentLoading to hide this warning
WARNING: If a serviceability tool is not in use, please run with -Djdk.instrument.traceUsage for more information
WARNING: Dynamic loading of agents will be disallowed by default in a future release
]]></system-err>
  </testcase>
</testsuite>